[2022-10-14 11:07:55.348 +02:00  INF]  User profile is available. Using 'C:\Users\wikar\AppData\Local\ASP.NET\DataProtection-Keys' as key repository and Windows DPAPI to encrypt keys at rest.
[2022-10-14 11:07:56.213 +02:00  INF]  Initializing UI Database
[2022-10-14 11:07:59.063 +02:00  INF]  Entity Framework Core 6.0.9 initialized 'HealthChecksDb' using provider 'Microsoft.EntityFrameworkCore.SqlServer:6.0.9' with options: MigrationsAssembly=HealthChecks.UI.SqlServer.Storage 
[2022-10-14 11:08:00.394 +02:00  INF]  Executed DbCommand (90ms) [Parameters=[], CommandType='"Text"', CommandTimeout='30']
SELECT 1
[2022-10-14 11:08:00.581 +02:00  INF]  Executed DbCommand (112ms) [Parameters=[], CommandType='"Text"', CommandTimeout='30']
SELECT OBJECT_ID(N'[__EFMigrationsHistory]');
[2022-10-14 11:08:00.635 +02:00  INF]  Executed DbCommand (20ms) [Parameters=[], CommandType='"Text"', CommandTimeout='30']
SELECT [MigrationId], [ProductVersion]
FROM [__EFMigrationsHistory]
ORDER BY [MigrationId];
[2022-10-14 11:08:01.335 +02:00  INF]  Executed DbCommand (7ms) [Parameters=[], CommandType='"Text"', CommandTimeout='30']
SELECT CASE
    WHEN EXISTS (
        SELECT 1
        FROM [Configurations] AS [c]) THEN CAST(1 AS bit)
    ELSE CAST(0 AS bit)
END
[2022-10-14 11:08:01.435 +02:00  INF]  Executed DbCommand (5ms) [Parameters=[], CommandType='"Text"', CommandTimeout='30']
SELECT [c].[Id], [c].[DiscoveryService], [c].[Name], [c].[Uri]
FROM [Configurations] AS [c]
[2022-10-14 11:08:01.996 +02:00  INF]  Entity Framework Core 6.0.9 initialized 'HealthChecksDb' using provider 'Microsoft.EntityFrameworkCore.SqlServer:6.0.9' with options: MigrationsAssembly=HealthChecks.UI.SqlServer.Storage 
[2022-10-14 11:08:01.998 +02:00  INF]  Request starting HTTP/2 GET https://localhost:44300/swagger/index.html - -
[2022-10-14 11:08:02.003 +02:00  INF]  Executed DbCommand (3ms) [Parameters=[], CommandType='"Text"', CommandTimeout='30']
SELECT [c].[Id], [c].[DiscoveryService], [c].[Name], [c].[Uri]
FROM [Configurations] AS [c]
[2022-10-14 11:08:02.007 +02:00  INF]  Application started. Press Ctrl+C to shut down.
[2022-10-14 11:08:02.007 +02:00  INF]  Hosting environment: Development
[2022-10-14 11:08:02.007 +02:00  INF]  Content root path: C:\Users\wikar\OneDrive\Pulpit\PROGRAMOWANIE\Fitness-Meal-Planner\Fitness-Meal-Planner\WebAPI\
[2022-10-14 11:08:02.097 +02:00  INF]  Start processing HTTP request GET "http://localhost:1362/healthUI"
[2022-10-14 11:08:02.099 +02:00  INF]  Sending HTTP request GET "http://localhost:1362/healthUI"
[2022-10-14 11:08:02.651 +02:00  INF]  Request starting HTTP/1.1 GET http://localhost:1362/healthUI - -
[2022-10-14 11:08:02.720 +02:00  INF]  Request finished HTTP/1.1 GET http://localhost:1362/healthUI - - - 307 - - 63.0467ms
[2022-10-14 11:08:03.064 +02:00  INF]  Request finished HTTP/2 GET https://localhost:44300/swagger/index.html - - - 200 - text/html;charset=utf-8 1143.9956ms
[2022-10-14 11:08:03.093 +02:00  INF]  Request starting HTTP/2 GET https://localhost:44300/_framework/aspnetcore-browser-refresh.js - -
[2022-10-14 11:08:03.112 +02:00  INF]  Request finished HTTP/2 GET https://localhost:44300/_framework/aspnetcore-browser-refresh.js - - - 200 11982 application/javascript;+charset=utf-8 17.3308ms
[2022-10-14 11:08:03.147 +02:00  INF]  Request starting HTTP/2 GET https://localhost:44300/_vs/browserLink - -
[2022-10-14 11:08:03.147 +02:00  INF]  Request starting HTTP/1.1 GET https://localhost:44300/healthUI - -
[2022-10-14 11:08:03.403 +02:00  INF]  Request finished HTTP/2 GET https://localhost:44300/_vs/browserLink - - - 200 - text/javascript;+charset=UTF-8 248.1855ms
[2022-10-14 11:08:03.478 +02:00  INF]  Request starting HTTP/2 GET https://localhost:44300/swagger/v1/swagger.json - -
[2022-10-14 11:08:03.635 +02:00  INF]  Request finished HTTP/1.1 GET https://localhost:44300/healthUI - - - 200 - application/json 488.3333ms
[2022-10-14 11:08:03.646 +02:00  INF]  Received HTTP response headers after 1537.922ms - 200
[2022-10-14 11:08:03.649 +02:00  INF]  End processing HTTP request after 1568.8636ms - 200
[2022-10-14 11:08:04.165 +02:00  INF]  Request finished HTTP/2 GET https://localhost:44300/swagger/v1/swagger.json - - - 200 - application/json;charset=utf-8 686.8917ms
[2022-10-14 11:08:04.668 +02:00  WRN]  Compiling a query which loads related collections for more than one collection navigation, either via 'Include' or through projection, but no 'QuerySplittingBehavior' has been configured. By default, Entity Framework will use 'QuerySplittingBehavior.SingleQuery', which can potentially result in slow query performance. See https://go.microsoft.com/fwlink/?linkid=2134277 for more information. To identify the query that's triggering this warning call 'ConfigureWarnings(w => w.Throw(RelationalEventId.MultipleCollectionIncludeWarning))'.
[2022-10-14 11:08:04.890 +02:00  INF]  Executed DbCommand (176ms) [Parameters=[@__configuration_Name_0='?' (Size = 500)], CommandType='"Text"', CommandTimeout='30']
SELECT [t].[Id], [t].[DiscoveryService], [t].[LastExecuted], [t].[Name], [t].[OnStateFrom], [t].[Status], [t].[Uri], [h].[Id], [h].[Description], [h].[HealthCheckExecutionId], [h].[Name], [h].[On], [h].[Status], [h0].[Id], [h0].[Description], [h0].[Duration], [h0].[HealthCheckExecutionId], [h0].[Name], [h0].[Status], [h0].[Tags]
FROM (
    SELECT TOP(2) [e].[Id], [e].[DiscoveryService], [e].[LastExecuted], [e].[Name], [e].[OnStateFrom], [e].[Status], [e].[Uri]
    FROM [Executions] AS [e]
    WHERE [e].[Name] = @__configuration_Name_0
) AS [t]
LEFT JOIN [HealthCheckExecutionHistories] AS [h] ON [t].[Id] = [h].[HealthCheckExecutionId]
LEFT JOIN [HealthCheckExecutionEntries] AS [h0] ON [t].[Id] = [h0].[HealthCheckExecutionId]
ORDER BY [t].[Id], [h].[Id]
[2022-10-14 11:08:05.013 +02:00  INF]  Executed DbCommand (2ms) [Parameters=[@__configuration_Name_0='?' (Size = 500)], CommandType='"Text"', CommandTimeout='30']
SELECT [t].[Id], [t].[DiscoveryService], [t].[LastExecuted], [t].[Name], [t].[OnStateFrom], [t].[Status], [t].[Uri], [h].[Id], [h].[Description], [h].[HealthCheckExecutionId], [h].[Name], [h].[On], [h].[Status], [h0].[Id], [h0].[Description], [h0].[Duration], [h0].[HealthCheckExecutionId], [h0].[Name], [h0].[Status], [h0].[Tags]
FROM (
    SELECT TOP(2) [e].[Id], [e].[DiscoveryService], [e].[LastExecuted], [e].[Name], [e].[OnStateFrom], [e].[Status], [e].[Uri]
    FROM [Executions] AS [e]
    WHERE [e].[Name] = @__configuration_Name_0
) AS [t]
LEFT JOIN [HealthCheckExecutionHistories] AS [h] ON [t].[Id] = [h].[HealthCheckExecutionId]
LEFT JOIN [HealthCheckExecutionEntries] AS [h0] ON [t].[Id] = [h0].[HealthCheckExecutionId]
ORDER BY [t].[Id], [h].[Id]
[2022-10-14 11:08:05.460 +02:00  INF]  Executed DbCommand (235ms) [Parameters=[@p1='?' (DbType = Int32), @p0='?' (DbType = DateTime2)], CommandType='"Text"', CommandTimeout='30']
SET NOCOUNT ON;
UPDATE [Executions] SET [LastExecuted] = @p0
WHERE [Id] = @p1;
SELECT @@ROWCOUNT;
[2022-10-14 11:08:05.488 +02:00  INF]  Executed DbCommand (9ms) [Parameters=[@p1='?' (DbType = Int32), @p0='?' (DbType = Time)], CommandType='"Text"', CommandTimeout='30']
SET NOCOUNT ON;
UPDATE [HealthCheckExecutionEntries] SET [Duration] = @p0
WHERE [Id] = @p1;
SELECT @@ROWCOUNT;
[2022-10-14 11:08:10.599 +02:00  INF]  Entity Framework Core 6.0.9 initialized 'HealthChecksDb' using provider 'Microsoft.EntityFrameworkCore.SqlServer:6.0.9' with options: MigrationsAssembly=HealthChecks.UI.SqlServer.Storage 
[2022-10-14 11:08:10.602 +02:00  INF]  Executed DbCommand (2ms) [Parameters=[], CommandType='"Text"', CommandTimeout='30']
SELECT [c].[Id], [c].[DiscoveryService], [c].[Name], [c].[Uri]
FROM [Configurations] AS [c]
[2022-10-14 11:08:10.602 +02:00  INF]  Start processing HTTP request GET "http://localhost:1362/healthUI"
[2022-10-14 11:08:10.602 +02:00  INF]  Sending HTTP request GET "http://localhost:1362/healthUI"
[2022-10-14 11:08:10.646 +02:00  INF]  Request starting HTTP/1.1 GET http://localhost:1362/healthUI - -
[2022-10-14 11:08:10.649 +02:00  INF]  Request finished HTTP/1.1 GET http://localhost:1362/healthUI - - - 307 - - 3.1855ms
[2022-10-14 11:08:10.724 +02:00  INF]  Request starting HTTP/1.1 GET https://localhost:44300/healthUI - -
[2022-10-14 11:08:10.734 +02:00  INF]  Request finished HTTP/1.1 GET https://localhost:44300/healthUI - - - 200 - application/json 8.9388ms
[2022-10-14 11:08:10.763 +02:00  INF]  Received HTTP response headers after 160.438ms - 200
[2022-10-14 11:08:10.763 +02:00  INF]  End processing HTTP request after 160.9001ms - 200
[2022-10-14 11:08:10.772 +02:00  INF]  Executed DbCommand (8ms) [Parameters=[@__configuration_Name_0='?' (Size = 500)], CommandType='"Text"', CommandTimeout='30']
SELECT [t].[Id], [t].[DiscoveryService], [t].[LastExecuted], [t].[Name], [t].[OnStateFrom], [t].[Status], [t].[Uri], [h].[Id], [h].[Description], [h].[HealthCheckExecutionId], [h].[Name], [h].[On], [h].[Status], [h0].[Id], [h0].[Description], [h0].[Duration], [h0].[HealthCheckExecutionId], [h0].[Name], [h0].[Status], [h0].[Tags]
FROM (
    SELECT TOP(2) [e].[Id], [e].[DiscoveryService], [e].[LastExecuted], [e].[Name], [e].[OnStateFrom], [e].[Status], [e].[Uri]
    FROM [Executions] AS [e]
    WHERE [e].[Name] = @__configuration_Name_0
) AS [t]
LEFT JOIN [HealthCheckExecutionHistories] AS [h] ON [t].[Id] = [h].[HealthCheckExecutionId]
LEFT JOIN [HealthCheckExecutionEntries] AS [h0] ON [t].[Id] = [h0].[HealthCheckExecutionId]
ORDER BY [t].[Id], [h].[Id]
[2022-10-14 11:08:10.776 +02:00  INF]  Executed DbCommand (2ms) [Parameters=[@__configuration_Name_0='?' (Size = 500)], CommandType='"Text"', CommandTimeout='30']
SELECT [t].[Id], [t].[DiscoveryService], [t].[LastExecuted], [t].[Name], [t].[OnStateFrom], [t].[Status], [t].[Uri], [h].[Id], [h].[Description], [h].[HealthCheckExecutionId], [h].[Name], [h].[On], [h].[Status], [h0].[Id], [h0].[Description], [h0].[Duration], [h0].[HealthCheckExecutionId], [h0].[Name], [h0].[Status], [h0].[Tags]
FROM (
    SELECT TOP(2) [e].[Id], [e].[DiscoveryService], [e].[LastExecuted], [e].[Name], [e].[OnStateFrom], [e].[Status], [e].[Uri]
    FROM [Executions] AS [e]
    WHERE [e].[Name] = @__configuration_Name_0
) AS [t]
LEFT JOIN [HealthCheckExecutionHistories] AS [h] ON [t].[Id] = [h].[HealthCheckExecutionId]
LEFT JOIN [HealthCheckExecutionEntries] AS [h0] ON [t].[Id] = [h0].[HealthCheckExecutionId]
ORDER BY [t].[Id], [h].[Id]
[2022-10-14 11:08:10.780 +02:00  INF]  Executed DbCommand (3ms) [Parameters=[@p1='?' (DbType = Int32), @p0='?' (DbType = DateTime2)], CommandType='"Text"', CommandTimeout='30']
SET NOCOUNT ON;
UPDATE [Executions] SET [LastExecuted] = @p0
WHERE [Id] = @p1;
SELECT @@ROWCOUNT;
[2022-10-14 11:08:10.782 +02:00  INF]  Executed DbCommand (2ms) [Parameters=[@p1='?' (DbType = Int32), @p0='?' (DbType = Time)], CommandType='"Text"', CommandTimeout='30']
SET NOCOUNT ON;
UPDATE [HealthCheckExecutionEntries] SET [Duration] = @p0
WHERE [Id] = @p1;
SELECT @@ROWCOUNT;
[2022-10-14 11:08:15.798 +02:00  INF]  Entity Framework Core 6.0.9 initialized 'HealthChecksDb' using provider 'Microsoft.EntityFrameworkCore.SqlServer:6.0.9' with options: MigrationsAssembly=HealthChecks.UI.SqlServer.Storage 
[2022-10-14 11:08:15.801 +02:00  INF]  Executed DbCommand (2ms) [Parameters=[], CommandType='"Text"', CommandTimeout='30']
SELECT [c].[Id], [c].[DiscoveryService], [c].[Name], [c].[Uri]
FROM [Configurations] AS [c]
[2022-10-14 11:08:15.801 +02:00  INF]  Start processing HTTP request GET "http://localhost:1362/healthUI"
[2022-10-14 11:08:15.801 +02:00  INF]  Sending HTTP request GET "http://localhost:1362/healthUI"
[2022-10-14 11:08:15.851 +02:00  INF]  Request starting HTTP/1.1 GET http://localhost:1362/healthUI - -
[2022-10-14 11:08:15.852 +02:00  INF]  Request finished HTTP/1.1 GET http://localhost:1362/healthUI - - - 307 - - 0.7509ms
[2022-10-14 11:08:15.901 +02:00  INF]  Request starting HTTP/1.1 GET https://localhost:44300/healthUI - -
[2022-10-14 11:08:15.909 +02:00  INF]  Request finished HTTP/1.1 GET https://localhost:44300/healthUI - - - 200 - application/json 6.9195ms
[2022-10-14 11:08:15.935 +02:00  INF]  Received HTTP response headers after 133.2697ms - 200
[2022-10-14 11:08:15.935 +02:00  INF]  End processing HTTP request after 133.711ms - 200
[2022-10-14 11:08:15.945 +02:00  INF]  Executed DbCommand (8ms) [Parameters=[@__configuration_Name_0='?' (Size = 500)], CommandType='"Text"', CommandTimeout='30']
SELECT [t].[Id], [t].[DiscoveryService], [t].[LastExecuted], [t].[Name], [t].[OnStateFrom], [t].[Status], [t].[Uri], [h].[Id], [h].[Description], [h].[HealthCheckExecutionId], [h].[Name], [h].[On], [h].[Status], [h0].[Id], [h0].[Description], [h0].[Duration], [h0].[HealthCheckExecutionId], [h0].[Name], [h0].[Status], [h0].[Tags]
FROM (
    SELECT TOP(2) [e].[Id], [e].[DiscoveryService], [e].[LastExecuted], [e].[Name], [e].[OnStateFrom], [e].[Status], [e].[Uri]
    FROM [Executions] AS [e]
    WHERE [e].[Name] = @__configuration_Name_0
) AS [t]
LEFT JOIN [HealthCheckExecutionHistories] AS [h] ON [t].[Id] = [h].[HealthCheckExecutionId]
LEFT JOIN [HealthCheckExecutionEntries] AS [h0] ON [t].[Id] = [h0].[HealthCheckExecutionId]
ORDER BY [t].[Id], [h].[Id]
[2022-10-14 11:08:15.947 +02:00  INF]  Executed DbCommand (1ms) [Parameters=[@__configuration_Name_0='?' (Size = 500)], CommandType='"Text"', CommandTimeout='30']
SELECT [t].[Id], [t].[DiscoveryService], [t].[LastExecuted], [t].[Name], [t].[OnStateFrom], [t].[Status], [t].[Uri], [h].[Id], [h].[Description], [h].[HealthCheckExecutionId], [h].[Name], [h].[On], [h].[Status], [h0].[Id], [h0].[Description], [h0].[Duration], [h0].[HealthCheckExecutionId], [h0].[Name], [h0].[Status], [h0].[Tags]
FROM (
    SELECT TOP(2) [e].[Id], [e].[DiscoveryService], [e].[LastExecuted], [e].[Name], [e].[OnStateFrom], [e].[Status], [e].[Uri]
    FROM [Executions] AS [e]
    WHERE [e].[Name] = @__configuration_Name_0
) AS [t]
LEFT JOIN [HealthCheckExecutionHistories] AS [h] ON [t].[Id] = [h].[HealthCheckExecutionId]
LEFT JOIN [HealthCheckExecutionEntries] AS [h0] ON [t].[Id] = [h0].[HealthCheckExecutionId]
ORDER BY [t].[Id], [h].[Id]
[2022-10-14 11:08:15.953 +02:00  INF]  Executed DbCommand (6ms) [Parameters=[@p1='?' (DbType = Int32), @p0='?' (DbType = DateTime2)], CommandType='"Text"', CommandTimeout='30']
SET NOCOUNT ON;
UPDATE [Executions] SET [LastExecuted] = @p0
WHERE [Id] = @p1;
SELECT @@ROWCOUNT;
[2022-10-14 11:08:15.956 +02:00  INF]  Executed DbCommand (2ms) [Parameters=[@p1='?' (DbType = Int32), @p0='?' (DbType = Time)], CommandType='"Text"', CommandTimeout='30']
SET NOCOUNT ON;
UPDATE [HealthCheckExecutionEntries] SET [Duration] = @p0
WHERE [Id] = @p1;
SELECT @@ROWCOUNT;
[2022-10-14 11:08:20.951 +02:00  INF]  Entity Framework Core 6.0.9 initialized 'HealthChecksDb' using provider 'Microsoft.EntityFrameworkCore.SqlServer:6.0.9' with options: MigrationsAssembly=HealthChecks.UI.SqlServer.Storage 
[2022-10-14 11:08:20.953 +02:00  INF]  Executed DbCommand (2ms) [Parameters=[], CommandType='"Text"', CommandTimeout='30']
SELECT [c].[Id], [c].[DiscoveryService], [c].[Name], [c].[Uri]
FROM [Configurations] AS [c]
[2022-10-14 11:08:20.953 +02:00  INF]  Start processing HTTP request GET "http://localhost:1362/healthUI"
[2022-10-14 11:08:20.953 +02:00  INF]  Sending HTTP request GET "http://localhost:1362/healthUI"
[2022-10-14 11:08:20.983 +02:00  INF]  Request starting HTTP/1.1 GET http://localhost:1362/healthUI - -
[2022-10-14 11:08:20.984 +02:00  INF]  Request finished HTTP/1.1 GET http://localhost:1362/healthUI - - - 307 - - 1.1520ms
[2022-10-14 11:08:21.061 +02:00  INF]  Request starting HTTP/1.1 GET https://localhost:44300/healthUI - -
[2022-10-14 11:08:21.067 +02:00  INF]  Request finished HTTP/1.1 GET https://localhost:44300/healthUI - - - 200 - application/json 3.9396ms
[2022-10-14 11:08:21.106 +02:00  INF]  Received HTTP response headers after 152.1694ms - 200
[2022-10-14 11:08:21.106 +02:00  INF]  End processing HTTP request after 152.5329ms - 200
[2022-10-14 11:08:21.112 +02:00  INF]  Executed DbCommand (5ms) [Parameters=[@__configuration_Name_0='?' (Size = 500)], CommandType='"Text"', CommandTimeout='30']
SELECT [t].[Id], [t].[DiscoveryService], [t].[LastExecuted], [t].[Name], [t].[OnStateFrom], [t].[Status], [t].[Uri], [h].[Id], [h].[Description], [h].[HealthCheckExecutionId], [h].[Name], [h].[On], [h].[Status], [h0].[Id], [h0].[Description], [h0].[Duration], [h0].[HealthCheckExecutionId], [h0].[Name], [h0].[Status], [h0].[Tags]
FROM (
    SELECT TOP(2) [e].[Id], [e].[DiscoveryService], [e].[LastExecuted], [e].[Name], [e].[OnStateFrom], [e].[Status], [e].[Uri]
    FROM [Executions] AS [e]
    WHERE [e].[Name] = @__configuration_Name_0
) AS [t]
LEFT JOIN [HealthCheckExecutionHistories] AS [h] ON [t].[Id] = [h].[HealthCheckExecutionId]
LEFT JOIN [HealthCheckExecutionEntries] AS [h0] ON [t].[Id] = [h0].[HealthCheckExecutionId]
ORDER BY [t].[Id], [h].[Id]
[2022-10-14 11:08:21.115 +02:00  INF]  Executed DbCommand (2ms) [Parameters=[@__configuration_Name_0='?' (Size = 500)], CommandType='"Text"', CommandTimeout='30']
SELECT [t].[Id], [t].[DiscoveryService], [t].[LastExecuted], [t].[Name], [t].[OnStateFrom], [t].[Status], [t].[Uri], [h].[Id], [h].[Description], [h].[HealthCheckExecutionId], [h].[Name], [h].[On], [h].[Status], [h0].[Id], [h0].[Description], [h0].[Duration], [h0].[HealthCheckExecutionId], [h0].[Name], [h0].[Status], [h0].[Tags]
FROM (
    SELECT TOP(2) [e].[Id], [e].[DiscoveryService], [e].[LastExecuted], [e].[Name], [e].[OnStateFrom], [e].[Status], [e].[Uri]
    FROM [Executions] AS [e]
    WHERE [e].[Name] = @__configuration_Name_0
) AS [t]
LEFT JOIN [HealthCheckExecutionHistories] AS [h] ON [t].[Id] = [h].[HealthCheckExecutionId]
LEFT JOIN [HealthCheckExecutionEntries] AS [h0] ON [t].[Id] = [h0].[HealthCheckExecutionId]
ORDER BY [t].[Id], [h].[Id]
[2022-10-14 11:08:21.119 +02:00  INF]  Executed DbCommand (3ms) [Parameters=[@p1='?' (DbType = Int32), @p0='?' (DbType = DateTime2)], CommandType='"Text"', CommandTimeout='30']
SET NOCOUNT ON;
UPDATE [Executions] SET [LastExecuted] = @p0
WHERE [Id] = @p1;
SELECT @@ROWCOUNT;
[2022-10-14 11:08:21.121 +02:00  INF]  Executed DbCommand (2ms) [Parameters=[@p1='?' (DbType = Int32), @p0='?' (DbType = Time)], CommandType='"Text"', CommandTimeout='30']
SET NOCOUNT ON;
UPDATE [HealthCheckExecutionEntries] SET [Duration] = @p0
WHERE [Id] = @p1;
SELECT @@ROWCOUNT;
[2022-10-14 11:08:26.127 +02:00  INF]  Entity Framework Core 6.0.9 initialized 'HealthChecksDb' using provider 'Microsoft.EntityFrameworkCore.SqlServer:6.0.9' with options: MigrationsAssembly=HealthChecks.UI.SqlServer.Storage 
[2022-10-14 11:08:26.129 +02:00  INF]  Executed DbCommand (1ms) [Parameters=[], CommandType='"Text"', CommandTimeout='30']
SELECT [c].[Id], [c].[DiscoveryService], [c].[Name], [c].[Uri]
FROM [Configurations] AS [c]
[2022-10-14 11:08:26.129 +02:00  INF]  Start processing HTTP request GET "http://localhost:1362/healthUI"
[2022-10-14 11:08:26.129 +02:00  INF]  Sending HTTP request GET "http://localhost:1362/healthUI"
[2022-10-14 11:08:26.180 +02:00  INF]  Request starting HTTP/1.1 GET http://localhost:1362/healthUI - -
[2022-10-14 11:08:26.182 +02:00  INF]  Request finished HTTP/1.1 GET http://localhost:1362/healthUI - - - 307 - - 1.3232ms
[2022-10-14 11:08:26.230 +02:00  INF]  Request starting HTTP/1.1 GET https://localhost:44300/healthUI - -
[2022-10-14 11:08:26.236 +02:00  INF]  Request finished HTTP/1.1 GET https://localhost:44300/healthUI - - - 200 - application/json 5.1804ms
[2022-10-14 11:08:26.269 +02:00  INF]  Received HTTP response headers after 139.3278ms - 200
[2022-10-14 11:08:26.269 +02:00  INF]  End processing HTTP request after 139.7644ms - 200
[2022-10-14 11:08:26.275 +02:00  INF]  Executed DbCommand (5ms) [Parameters=[@__configuration_Name_0='?' (Size = 500)], CommandType='"Text"', CommandTimeout='30']
SELECT [t].[Id], [t].[DiscoveryService], [t].[LastExecuted], [t].[Name], [t].[OnStateFrom], [t].[Status], [t].[Uri], [h].[Id], [h].[Description], [h].[HealthCheckExecutionId], [h].[Name], [h].[On], [h].[Status], [h0].[Id], [h0].[Description], [h0].[Duration], [h0].[HealthCheckExecutionId], [h0].[Name], [h0].[Status], [h0].[Tags]
FROM (
    SELECT TOP(2) [e].[Id], [e].[DiscoveryService], [e].[LastExecuted], [e].[Name], [e].[OnStateFrom], [e].[Status], [e].[Uri]
    FROM [Executions] AS [e]
    WHERE [e].[Name] = @__configuration_Name_0
) AS [t]
LEFT JOIN [HealthCheckExecutionHistories] AS [h] ON [t].[Id] = [h].[HealthCheckExecutionId]
LEFT JOIN [HealthCheckExecutionEntries] AS [h0] ON [t].[Id] = [h0].[HealthCheckExecutionId]
ORDER BY [t].[Id], [h].[Id]
[2022-10-14 11:08:26.278 +02:00  INF]  Executed DbCommand (2ms) [Parameters=[@__configuration_Name_0='?' (Size = 500)], CommandType='"Text"', CommandTimeout='30']
SELECT [t].[Id], [t].[DiscoveryService], [t].[LastExecuted], [t].[Name], [t].[OnStateFrom], [t].[Status], [t].[Uri], [h].[Id], [h].[Description], [h].[HealthCheckExecutionId], [h].[Name], [h].[On], [h].[Status], [h0].[Id], [h0].[Description], [h0].[Duration], [h0].[HealthCheckExecutionId], [h0].[Name], [h0].[Status], [h0].[Tags]
FROM (
    SELECT TOP(2) [e].[Id], [e].[DiscoveryService], [e].[LastExecuted], [e].[Name], [e].[OnStateFrom], [e].[Status], [e].[Uri]
    FROM [Executions] AS [e]
    WHERE [e].[Name] = @__configuration_Name_0
) AS [t]
LEFT JOIN [HealthCheckExecutionHistories] AS [h] ON [t].[Id] = [h].[HealthCheckExecutionId]
LEFT JOIN [HealthCheckExecutionEntries] AS [h0] ON [t].[Id] = [h0].[HealthCheckExecutionId]
ORDER BY [t].[Id], [h].[Id]
[2022-10-14 11:08:26.282 +02:00  INF]  Executed DbCommand (3ms) [Parameters=[@p1='?' (DbType = Int32), @p0='?' (DbType = DateTime2)], CommandType='"Text"', CommandTimeout='30']
SET NOCOUNT ON;
UPDATE [Executions] SET [LastExecuted] = @p0
WHERE [Id] = @p1;
SELECT @@ROWCOUNT;
[2022-10-14 11:08:26.284 +02:00  INF]  Executed DbCommand (2ms) [Parameters=[@p1='?' (DbType = Int32), @p0='?' (DbType = Time)], CommandType='"Text"', CommandTimeout='30']
SET NOCOUNT ON;
UPDATE [HealthCheckExecutionEntries] SET [Duration] = @p0
WHERE [Id] = @p1;
SELECT @@ROWCOUNT;
[2022-10-14 11:08:31.293 +02:00  INF]  Entity Framework Core 6.0.9 initialized 'HealthChecksDb' using provider 'Microsoft.EntityFrameworkCore.SqlServer:6.0.9' with options: MigrationsAssembly=HealthChecks.UI.SqlServer.Storage 
[2022-10-14 11:08:31.295 +02:00  INF]  Executed DbCommand (2ms) [Parameters=[], CommandType='"Text"', CommandTimeout='30']
SELECT [c].[Id], [c].[DiscoveryService], [c].[Name], [c].[Uri]
FROM [Configurations] AS [c]
[2022-10-14 11:08:31.295 +02:00  INF]  Start processing HTTP request GET "http://localhost:1362/healthUI"
[2022-10-14 11:08:31.295 +02:00  INF]  Sending HTTP request GET "http://localhost:1362/healthUI"
[2022-10-14 11:08:31.336 +02:00  INF]  Request starting HTTP/1.1 GET http://localhost:1362/healthUI - -
[2022-10-14 11:08:31.337 +02:00  INF]  Request finished HTTP/1.1 GET http://localhost:1362/healthUI - - - 307 - - 0.9391ms
[2022-10-14 11:08:31.395 +02:00  INF]  Request starting HTTP/1.1 GET https://localhost:44300/healthUI - -
[2022-10-14 11:08:31.400 +02:00  INF]  Request finished HTTP/1.1 GET https://localhost:44300/healthUI - - - 200 - application/json 3.2390ms
[2022-10-14 11:08:31.425 +02:00  INF]  Received HTTP response headers after 129.8035ms - 200
[2022-10-14 11:08:31.426 +02:00  INF]  End processing HTTP request after 130.1144ms - 200
[2022-10-14 11:08:31.433 +02:00  INF]  Executed DbCommand (6ms) [Parameters=[@__configuration_Name_0='?' (Size = 500)], CommandType='"Text"', CommandTimeout='30']
SELECT [t].[Id], [t].[DiscoveryService], [t].[LastExecuted], [t].[Name], [t].[OnStateFrom], [t].[Status], [t].[Uri], [h].[Id], [h].[Description], [h].[HealthCheckExecutionId], [h].[Name], [h].[On], [h].[Status], [h0].[Id], [h0].[Description], [h0].[Duration], [h0].[HealthCheckExecutionId], [h0].[Name], [h0].[Status], [h0].[Tags]
FROM (
    SELECT TOP(2) [e].[Id], [e].[DiscoveryService], [e].[LastExecuted], [e].[Name], [e].[OnStateFrom], [e].[Status], [e].[Uri]
    FROM [Executions] AS [e]
    WHERE [e].[Name] = @__configuration_Name_0
) AS [t]
LEFT JOIN [HealthCheckExecutionHistories] AS [h] ON [t].[Id] = [h].[HealthCheckExecutionId]
LEFT JOIN [HealthCheckExecutionEntries] AS [h0] ON [t].[Id] = [h0].[HealthCheckExecutionId]
ORDER BY [t].[Id], [h].[Id]
[2022-10-14 11:08:31.437 +02:00  INF]  Executed DbCommand (1ms) [Parameters=[@__configuration_Name_0='?' (Size = 500)], CommandType='"Text"', CommandTimeout='30']
SELECT [t].[Id], [t].[DiscoveryService], [t].[LastExecuted], [t].[Name], [t].[OnStateFrom], [t].[Status], [t].[Uri], [h].[Id], [h].[Description], [h].[HealthCheckExecutionId], [h].[Name], [h].[On], [h].[Status], [h0].[Id], [h0].[Description], [h0].[Duration], [h0].[HealthCheckExecutionId], [h0].[Name], [h0].[Status], [h0].[Tags]
FROM (
    SELECT TOP(2) [e].[Id], [e].[DiscoveryService], [e].[LastExecuted], [e].[Name], [e].[OnStateFrom], [e].[Status], [e].[Uri]
    FROM [Executions] AS [e]
    WHERE [e].[Name] = @__configuration_Name_0
) AS [t]
LEFT JOIN [HealthCheckExecutionHistories] AS [h] ON [t].[Id] = [h].[HealthCheckExecutionId]
LEFT JOIN [HealthCheckExecutionEntries] AS [h0] ON [t].[Id] = [h0].[HealthCheckExecutionId]
ORDER BY [t].[Id], [h].[Id]
[2022-10-14 11:08:31.442 +02:00  INF]  Executed DbCommand (4ms) [Parameters=[@p1='?' (DbType = Int32), @p0='?' (DbType = DateTime2)], CommandType='"Text"', CommandTimeout='30']
SET NOCOUNT ON;
UPDATE [Executions] SET [LastExecuted] = @p0
WHERE [Id] = @p1;
SELECT @@ROWCOUNT;
[2022-10-14 11:08:31.445 +02:00  INF]  Executed DbCommand (3ms) [Parameters=[@p1='?' (DbType = Int32), @p0='?' (DbType = Time)], CommandType='"Text"', CommandTimeout='30']
SET NOCOUNT ON;
UPDATE [HealthCheckExecutionEntries] SET [Duration] = @p0
WHERE [Id] = @p1;
SELECT @@ROWCOUNT;
[2022-10-14 11:08:36.440 +02:00  INF]  Entity Framework Core 6.0.9 initialized 'HealthChecksDb' using provider 'Microsoft.EntityFrameworkCore.SqlServer:6.0.9' with options: MigrationsAssembly=HealthChecks.UI.SqlServer.Storage 
[2022-10-14 11:08:36.442 +02:00  INF]  Executed DbCommand (2ms) [Parameters=[], CommandType='"Text"', CommandTimeout='30']
SELECT [c].[Id], [c].[DiscoveryService], [c].[Name], [c].[Uri]
FROM [Configurations] AS [c]
[2022-10-14 11:08:36.442 +02:00  INF]  Start processing HTTP request GET "http://localhost:1362/healthUI"
[2022-10-14 11:08:36.442 +02:00  INF]  Sending HTTP request GET "http://localhost:1362/healthUI"
[2022-10-14 11:08:36.505 +02:00  INF]  Request starting HTTP/1.1 GET http://localhost:1362/healthUI - -
[2022-10-14 11:08:36.507 +02:00  INF]  Request finished HTTP/1.1 GET http://localhost:1362/healthUI - - - 307 - - 1.0702ms
[2022-10-14 11:08:36.580 +02:00  INF]  Request starting HTTP/1.1 GET https://localhost:44300/healthUI - -
[2022-10-14 11:08:36.584 +02:00  INF]  Request finished HTTP/1.1 GET https://localhost:44300/healthUI - - - 200 - application/json 4.3858ms
[2022-10-14 11:08:36.619 +02:00  INF]  Received HTTP response headers after 176.6937ms - 200
[2022-10-14 11:08:36.619 +02:00  INF]  End processing HTTP request after 177.0067ms - 200
[2022-10-14 11:08:36.626 +02:00  INF]  Executed DbCommand (5ms) [Parameters=[@__configuration_Name_0='?' (Size = 500)], CommandType='"Text"', CommandTimeout='30']
SELECT [t].[Id], [t].[DiscoveryService], [t].[LastExecuted], [t].[Name], [t].[OnStateFrom], [t].[Status], [t].[Uri], [h].[Id], [h].[Description], [h].[HealthCheckExecutionId], [h].[Name], [h].[On], [h].[Status], [h0].[Id], [h0].[Description], [h0].[Duration], [h0].[HealthCheckExecutionId], [h0].[Name], [h0].[Status], [h0].[Tags]
FROM (
    SELECT TOP(2) [e].[Id], [e].[DiscoveryService], [e].[LastExecuted], [e].[Name], [e].[OnStateFrom], [e].[Status], [e].[Uri]
    FROM [Executions] AS [e]
    WHERE [e].[Name] = @__configuration_Name_0
) AS [t]
LEFT JOIN [HealthCheckExecutionHistories] AS [h] ON [t].[Id] = [h].[HealthCheckExecutionId]
LEFT JOIN [HealthCheckExecutionEntries] AS [h0] ON [t].[Id] = [h0].[HealthCheckExecutionId]
ORDER BY [t].[Id], [h].[Id]
[2022-10-14 11:08:36.628 +02:00  INF]  Executed DbCommand (1ms) [Parameters=[@__configuration_Name_0='?' (Size = 500)], CommandType='"Text"', CommandTimeout='30']
SELECT [t].[Id], [t].[DiscoveryService], [t].[LastExecuted], [t].[Name], [t].[OnStateFrom], [t].[Status], [t].[Uri], [h].[Id], [h].[Description], [h].[HealthCheckExecutionId], [h].[Name], [h].[On], [h].[Status], [h0].[Id], [h0].[Description], [h0].[Duration], [h0].[HealthCheckExecutionId], [h0].[Name], [h0].[Status], [h0].[Tags]
FROM (
    SELECT TOP(2) [e].[Id], [e].[DiscoveryService], [e].[LastExecuted], [e].[Name], [e].[OnStateFrom], [e].[Status], [e].[Uri]
    FROM [Executions] AS [e]
    WHERE [e].[Name] = @__configuration_Name_0
) AS [t]
LEFT JOIN [HealthCheckExecutionHistories] AS [h] ON [t].[Id] = [h].[HealthCheckExecutionId]
LEFT JOIN [HealthCheckExecutionEntries] AS [h0] ON [t].[Id] = [h0].[HealthCheckExecutionId]
ORDER BY [t].[Id], [h].[Id]
[2022-10-14 11:08:36.635 +02:00  INF]  Executed DbCommand (7ms) [Parameters=[@p1='?' (DbType = Int32), @p0='?' (DbType = DateTime2)], CommandType='"Text"', CommandTimeout='30']
SET NOCOUNT ON;
UPDATE [Executions] SET [LastExecuted] = @p0
WHERE [Id] = @p1;
SELECT @@ROWCOUNT;
[2022-10-14 11:08:36.638 +02:00  INF]  Executed DbCommand (2ms) [Parameters=[@p1='?' (DbType = Int32), @p0='?' (DbType = Time)], CommandType='"Text"', CommandTimeout='30']
SET NOCOUNT ON;
UPDATE [HealthCheckExecutionEntries] SET [Duration] = @p0
WHERE [Id] = @p1;
SELECT @@ROWCOUNT;
[2022-10-14 11:08:41.647 +02:00  INF]  Entity Framework Core 6.0.9 initialized 'HealthChecksDb' using provider 'Microsoft.EntityFrameworkCore.SqlServer:6.0.9' with options: MigrationsAssembly=HealthChecks.UI.SqlServer.Storage 
[2022-10-14 11:08:41.649 +02:00  INF]  Executed DbCommand (2ms) [Parameters=[], CommandType='"Text"', CommandTimeout='30']
SELECT [c].[Id], [c].[DiscoveryService], [c].[Name], [c].[Uri]
FROM [Configurations] AS [c]
[2022-10-14 11:08:41.650 +02:00  INF]  Start processing HTTP request GET "http://localhost:1362/healthUI"
[2022-10-14 11:08:41.650 +02:00  INF]  Sending HTTP request GET "http://localhost:1362/healthUI"
[2022-10-14 11:08:41.791 +02:00  INF]  Request starting HTTP/1.1 GET http://localhost:1362/healthUI - -
[2022-10-14 11:08:41.792 +02:00  INF]  Request finished HTTP/1.1 GET http://localhost:1362/healthUI - - - 307 - - 0.9095ms
[2022-10-14 11:08:41.975 +02:00  INF]  Request starting HTTP/1.1 GET https://localhost:44300/healthUI - -
[2022-10-14 11:08:41.980 +02:00  INF]  Request finished HTTP/1.1 GET https://localhost:44300/healthUI - - - 200 - application/json 3.8840ms
[2022-10-14 11:08:42.000 +02:00  INF]  Received HTTP response headers after 350.4339ms - 200
[2022-10-14 11:08:42.001 +02:00  INF]  End processing HTTP request after 351.0453ms - 200
[2022-10-14 11:08:42.005 +02:00  INF]  Executed DbCommand (4ms) [Parameters=[@__configuration_Name_0='?' (Size = 500)], CommandType='"Text"', CommandTimeout='30']
SELECT [t].[Id], [t].[DiscoveryService], [t].[LastExecuted], [t].[Name], [t].[OnStateFrom], [t].[Status], [t].[Uri], [h].[Id], [h].[Description], [h].[HealthCheckExecutionId], [h].[Name], [h].[On], [h].[Status], [h0].[Id], [h0].[Description], [h0].[Duration], [h0].[HealthCheckExecutionId], [h0].[Name], [h0].[Status], [h0].[Tags]
FROM (
    SELECT TOP(2) [e].[Id], [e].[DiscoveryService], [e].[LastExecuted], [e].[Name], [e].[OnStateFrom], [e].[Status], [e].[Uri]
    FROM [Executions] AS [e]
    WHERE [e].[Name] = @__configuration_Name_0
) AS [t]
LEFT JOIN [HealthCheckExecutionHistories] AS [h] ON [t].[Id] = [h].[HealthCheckExecutionId]
LEFT JOIN [HealthCheckExecutionEntries] AS [h0] ON [t].[Id] = [h0].[HealthCheckExecutionId]
ORDER BY [t].[Id], [h].[Id]
[2022-10-14 11:08:42.008 +02:00  INF]  Executed DbCommand (2ms) [Parameters=[@__configuration_Name_0='?' (Size = 500)], CommandType='"Text"', CommandTimeout='30']
SELECT [t].[Id], [t].[DiscoveryService], [t].[LastExecuted], [t].[Name], [t].[OnStateFrom], [t].[Status], [t].[Uri], [h].[Id], [h].[Description], [h].[HealthCheckExecutionId], [h].[Name], [h].[On], [h].[Status], [h0].[Id], [h0].[Description], [h0].[Duration], [h0].[HealthCheckExecutionId], [h0].[Name], [h0].[Status], [h0].[Tags]
FROM (
    SELECT TOP(2) [e].[Id], [e].[DiscoveryService], [e].[LastExecuted], [e].[Name], [e].[OnStateFrom], [e].[Status], [e].[Uri]
    FROM [Executions] AS [e]
    WHERE [e].[Name] = @__configuration_Name_0
) AS [t]
LEFT JOIN [HealthCheckExecutionHistories] AS [h] ON [t].[Id] = [h].[HealthCheckExecutionId]
LEFT JOIN [HealthCheckExecutionEntries] AS [h0] ON [t].[Id] = [h0].[HealthCheckExecutionId]
ORDER BY [t].[Id], [h].[Id]
[2022-10-14 11:08:42.064 +02:00  INF]  Executed DbCommand (55ms) [Parameters=[@p1='?' (DbType = Int32), @p0='?' (DbType = DateTime2)], CommandType='"Text"', CommandTimeout='30']
SET NOCOUNT ON;
UPDATE [Executions] SET [LastExecuted] = @p0
WHERE [Id] = @p1;
SELECT @@ROWCOUNT;
[2022-10-14 11:08:42.067 +02:00  INF]  Executed DbCommand (3ms) [Parameters=[@p1='?' (DbType = Int32), @p0='?' (DbType = Time)], CommandType='"Text"', CommandTimeout='30']
SET NOCOUNT ON;
UPDATE [HealthCheckExecutionEntries] SET [Duration] = @p0
WHERE [Id] = @p1;
SELECT @@ROWCOUNT;
[2022-10-14 11:08:47.092 +02:00  INF]  Entity Framework Core 6.0.9 initialized 'HealthChecksDb' using provider 'Microsoft.EntityFrameworkCore.SqlServer:6.0.9' with options: MigrationsAssembly=HealthChecks.UI.SqlServer.Storage 
[2022-10-14 11:08:47.094 +02:00  INF]  Executed DbCommand (1ms) [Parameters=[], CommandType='"Text"', CommandTimeout='30']
SELECT [c].[Id], [c].[DiscoveryService], [c].[Name], [c].[Uri]
FROM [Configurations] AS [c]
[2022-10-14 11:08:47.094 +02:00  INF]  Start processing HTTP request GET "http://localhost:1362/healthUI"
[2022-10-14 11:08:47.094 +02:00  INF]  Sending HTTP request GET "http://localhost:1362/healthUI"
[2022-10-14 11:08:47.133 +02:00  INF]  Request starting HTTP/1.1 GET http://localhost:1362/healthUI - -
[2022-10-14 11:08:47.135 +02:00  INF]  Request finished HTTP/1.1 GET http://localhost:1362/healthUI - - - 307 - - 1.4787ms
[2022-10-14 11:08:47.189 +02:00  INF]  Request starting HTTP/1.1 GET https://localhost:44300/healthUI - -
[2022-10-14 11:08:47.195 +02:00  INF]  Request finished HTTP/1.1 GET https://localhost:44300/healthUI - - - 200 - application/json 4.7134ms
[2022-10-14 11:08:47.228 +02:00  INF]  Received HTTP response headers after 133.7735ms - 200
[2022-10-14 11:08:47.229 +02:00  INF]  End processing HTTP request after 134.1389ms - 200
[2022-10-14 11:08:47.235 +02:00  INF]  Executed DbCommand (6ms) [Parameters=[@__configuration_Name_0='?' (Size = 500)], CommandType='"Text"', CommandTimeout='30']
SELECT [t].[Id], [t].[DiscoveryService], [t].[LastExecuted], [t].[Name], [t].[OnStateFrom], [t].[Status], [t].[Uri], [h].[Id], [h].[Description], [h].[HealthCheckExecutionId], [h].[Name], [h].[On], [h].[Status], [h0].[Id], [h0].[Description], [h0].[Duration], [h0].[HealthCheckExecutionId], [h0].[Name], [h0].[Status], [h0].[Tags]
FROM (
    SELECT TOP(2) [e].[Id], [e].[DiscoveryService], [e].[LastExecuted], [e].[Name], [e].[OnStateFrom], [e].[Status], [e].[Uri]
    FROM [Executions] AS [e]
    WHERE [e].[Name] = @__configuration_Name_0
) AS [t]
LEFT JOIN [HealthCheckExecutionHistories] AS [h] ON [t].[Id] = [h].[HealthCheckExecutionId]
LEFT JOIN [HealthCheckExecutionEntries] AS [h0] ON [t].[Id] = [h0].[HealthCheckExecutionId]
ORDER BY [t].[Id], [h].[Id]
[2022-10-14 11:08:47.238 +02:00  INF]  Executed DbCommand (2ms) [Parameters=[@__configuration_Name_0='?' (Size = 500)], CommandType='"Text"', CommandTimeout='30']
SELECT [t].[Id], [t].[DiscoveryService], [t].[LastExecuted], [t].[Name], [t].[OnStateFrom], [t].[Status], [t].[Uri], [h].[Id], [h].[Description], [h].[HealthCheckExecutionId], [h].[Name], [h].[On], [h].[Status], [h0].[Id], [h0].[Description], [h0].[Duration], [h0].[HealthCheckExecutionId], [h0].[Name], [h0].[Status], [h0].[Tags]
FROM (
    SELECT TOP(2) [e].[Id], [e].[DiscoveryService], [e].[LastExecuted], [e].[Name], [e].[OnStateFrom], [e].[Status], [e].[Uri]
    FROM [Executions] AS [e]
    WHERE [e].[Name] = @__configuration_Name_0
) AS [t]
LEFT JOIN [HealthCheckExecutionHistories] AS [h] ON [t].[Id] = [h].[HealthCheckExecutionId]
LEFT JOIN [HealthCheckExecutionEntries] AS [h0] ON [t].[Id] = [h0].[HealthCheckExecutionId]
ORDER BY [t].[Id], [h].[Id]
[2022-10-14 11:08:47.243 +02:00  INF]  Executed DbCommand (4ms) [Parameters=[@p1='?' (DbType = Int32), @p0='?' (DbType = DateTime2)], CommandType='"Text"', CommandTimeout='30']
SET NOCOUNT ON;
UPDATE [Executions] SET [LastExecuted] = @p0
WHERE [Id] = @p1;
SELECT @@ROWCOUNT;
[2022-10-14 11:08:47.246 +02:00  INF]  Executed DbCommand (2ms) [Parameters=[@p1='?' (DbType = Int32), @p0='?' (DbType = Time)], CommandType='"Text"', CommandTimeout='30']
SET NOCOUNT ON;
UPDATE [HealthCheckExecutionEntries] SET [Duration] = @p0
WHERE [Id] = @p1;
SELECT @@ROWCOUNT;
